<?xml version="1.0" encoding="UTF-8"?>
<!-- Generated by org.testng.reporters.JUnitReportReporter -->
<testsuite hostname="vishnuekkar" failures="0" tests="3" name="com.kite.testcases.LoginPageTest" time="26.255" errors="0" timestamp="2021-12-15T22:11:42 IST" skipped="0">
  <testcase classname="com.kite.testcases.LoginPageTest" name="loginTest" time="7.283"/>
  <system-out/>
  <testcase classname="com.kite.testcases.LoginPageTest" name="validateLoginPageTitleTest" time="7.367"/>
  <system-out/>
  <testcase classname="com.kite.testcases.LoginPageTest" name="validateKiteLogoTest" time="11.605"/>
  <system-out/>
</testsuite> <!-- com.kite.testcases.LoginPageTest -->
