<?xml version="1.0" encoding="UTF-8"?>
<!-- Generated by org.testng.reporters.JUnitReportReporter -->
<testsuite hostname="vishnuekkar" failures="0" tests="3" name="com.kite.testcases.LoginPageTest" time="37.554" errors="0" timestamp="2021-12-12T15:21:48 IST" skipped="0">
  <testcase classname="com.kite.testcases.LoginPageTest" name="validateLoginPageTitleTest" time="8.626"/>
  <system-out/>
  <testcase classname="com.kite.testcases.LoginPageTest" name="validateKiteLogoTest" time="17.533"/>
  <system-out/>
  <testcase classname="com.kite.testcases.LoginPageTest" name="loginTest" time="11.395"/>
  <system-out/>
</testsuite> <!-- com.kite.testcases.LoginPageTest -->
