<?xml version="1.0" encoding="UTF-8"?>
<!-- Generated by org.testng.reporters.JUnitReportReporter -->
<testsuite hostname="vishnuekkar" failures="0" tests="1" name="com.kite.testcases.LoginPageTest" time="12.118" errors="0" timestamp="2021-12-11T16:33:37 IST" skipped="0">
  <testcase classname="com.kite.testcases.LoginPageTest" name="verifyTitle" time="12.118"/>
  <system-out/>
</testsuite> <!-- com.kite.testcases.LoginPageTest -->
