<?xml version="1.0" encoding="UTF-8"?>
<!-- Generated by org.testng.reporters.JUnitReportReporter -->
<testsuite hostname="vishnuekkar" failures="0" tests="1" name="com.kite.testcases.PinPageTest" time="10.388" errors="0" timestamp="2021-12-16T12:00:30 IST" skipped="0">
  <testcase classname="com.kite.testcases.PinPageTest" name="pinEnterTest" time="10.388"/>
  <system-out/>
</testsuite> <!-- com.kite.testcases.PinPageTest -->
