<?xml version="1.0" encoding="UTF-8"?>
<!-- Generated by org.testng.reporters.JUnitReportReporter -->
<testsuite hostname="vishnuekkar" failures="0" tests="3" name="com.kite.testcases.LoginPageTest" time="20.538" errors="0" timestamp="2021-12-16T11:26:19 IST" skipped="0">
  <testcase classname="com.kite.testcases.LoginPageTest" name="validateLoginPageTitleTest" time="6.423"/>
  <system-out/>
  <testcase classname="com.kite.testcases.LoginPageTest" name="loginTest" time="6.589"/>
  <system-out/>
  <testcase classname="com.kite.testcases.LoginPageTest" name="validateKiteLogoTest" time="7.526"/>
  <system-out/>
</testsuite> <!-- com.kite.testcases.LoginPageTest -->
