<?xml version="1.0" encoding="UTF-8"?>
<!-- Generated by org.testng.reporters.JUnitReportReporter -->
<testsuite hostname="vishnuekkar" failures="0" tests="3" name="com.kite.testcases.LoginPageTest" time="26.728" errors="0" timestamp="2021-12-12T15:24:09 IST" skipped="0">
  <testcase classname="com.kite.testcases.LoginPageTest" name="validateLoginPageTitleTest" time="9.644"/>
  <system-out/>
  <testcase classname="com.kite.testcases.LoginPageTest" name="validateKiteLogoTest" time="8.430"/>
  <system-out/>
  <testcase classname="com.kite.testcases.LoginPageTest" name="loginTest" time="8.654"/>
  <system-out/>
</testsuite> <!-- com.kite.testcases.LoginPageTest -->
