<?xml version="1.0" encoding="UTF-8"?>
<!-- Generated by org.testng.reporters.JUnitReportReporter -->
<testsuite hostname="vishnuekkar" failures="0" tests="1" name="com.kite.testcases.CredentialsTest" time="13.235" errors="0" timestamp="2021-12-12T11:28:49 IST" skipped="0">
  <testcase classname="com.kite.testcases.CredentialsTest" name="logging" time="13.235"/>
  <system-out/>
</testsuite> <!-- com.kite.testcases.CredentialsTest -->
