<?xml version="1.0" encoding="UTF-8"?>
<!-- Generated by org.testng.reporters.JUnitReportReporter -->
<testsuite hostname="vishnuekkar" failures="0" tests="1" name="com.kite.testcases.LoginPageTest" time="7.783" errors="0" timestamp="2021-12-15T10:19:26 IST" skipped="0">
  <testcase classname="com.kite.testcases.LoginPageTest" name="loginTest" time="7.783"/>
  <system-out/>
</testsuite> <!-- com.kite.testcases.LoginPageTest -->
